<?xml version="1.0" encoding="UTF-8"?>
<!-- Generated by org.testng.reporters.JUnitReportReporter -->
<testsuite hostname="LAPTOP-Q7D2F3MJ" failures="0" tests="1" name="test.TestNG" time="30.446" errors="0" timestamp="2021-08-06T16:36:19 MESZ" skipped="0">
  <testcase classname="test.TestNG" name="googleSearch" time="30.446"/>
  <system-out/>
</testsuite> <!-- test.TestNG -->
