<?xml version="1.0" encoding="UTF-8"?>
<!-- Generated by org.testng.reporters.JUnitReportReporter -->
<testsuite hostname="LAPTOP-Q7D2F3MJ" failures="0" tests="1" name="test.TestNG1" time="26.001" errors="0" timestamp="2021-08-06T16:36:19 MESZ" skipped="0">
  <testcase classname="test.TestNG1" name="googleSearch1" time="26.001"/>
  <system-out/>
</testsuite> <!-- test.TestNG1 -->
