<?xml version="1.0" encoding="UTF-8"?>
<!-- Generated by org.testng.reporters.JUnitReportReporter -->
<testsuite hostname="LAPTOP-Q7D2F3MJ" failures="0" tests="1" name="test.TestNG2" time="56.956" errors="0" timestamp="2021-08-06T15:41:46 MESZ" skipped="0">
  <testcase classname="test.TestNG2" name="googleSearch1" time="56.956"/>
  <system-out/>
</testsuite> <!-- test.TestNG2 -->
