<?xml version="1.0" encoding="UTF-8"?>
<!-- Generated by org.testng.reporters.JUnitReportReporter -->
<testsuite hostname="LAPTOP-Q7D2F3MJ" failures="0" tests="1" name="listeners.MyTestCaseListeners" time="8.106" errors="0" timestamp="2021-08-09T07:25:23 MESZ" skipped="0">
  <testcase classname="listeners.MyTestCaseListeners" name="VerifyYahooTitle" time="8.106"/>
  <system-out/>
</testsuite> <!-- listeners.MyTestCaseListeners -->
